<?xml version="1.0" encoding="UTF-8" ?>
<testsuite tests="2" failures="2" name="calculator.RunCucumberTest" time="0.31" errors="0" skipped="0">
  <properties>
[...]
</properties>
  <testcase classname="As a user, I can add two numbers" name="simple integer addition" time="0.295">
    <failure message="expected: java.lang.String&lt;3&gt; but was: java.lang.Integer&lt;3&gt;" type="java.lang.AssertionError">java.lang.AssertionError: expected: java.lang.String&lt;3&gt; but was: java.lang.Integer&lt;3&gt;
	at org.junit.Assert.fail(Assert.java:89)
	at org.junit.Assert.failNotEquals(Assert.java:835)
	at org.junit.Assert.assertEquals(Assert.java:120)
	at org.junit.Assert.assertEquals(Assert.java:146)
	at calculator.StepDefinitions.the_result_should_be_on_the_screen(StepDefinitions.java:36)
	at ✽.the result should be 3 on the screen(classpath:calculator/addition.feature:9)
</failure>
    <system-out>
@SET-38591 @SET-38597 @SET-38583
Scenario: simple integer addition            &amp;#27;[90m# calculator/addition.feature:5&amp;#27;[0m
  &amp;#27;[32mGiven &amp;#27;[0m&amp;#27;[32mI have entered &amp;#27;[0m&amp;#27;[32m&amp;#27;[1m1&amp;#27;[0m&amp;#27;[32m into the calculator&amp;#27;[0m &amp;#27;[90m# calculator.StepDefinitions.i_have_entered_into_the_calculator(java.lang.Integer)&amp;#27;[0m
  &amp;#27;[32mAnd &amp;#27;[0m&amp;#27;[32mI have entered &amp;#27;[0m&amp;#27;[32m&amp;#27;[1m2&amp;#27;[0m&amp;#27;[32m into the calculator&amp;#27;[0m   &amp;#27;[90m# calculator.StepDefinitions.i_have_entered_into_the_calculator(java.lang.Integer)&amp;#27;[0m
  &amp;#27;[32mWhen &amp;#27;[0m&amp;#27;[32mI press add&amp;#27;[0m                           &amp;#27;[90m# calculator.StepDefinitions.i_press_add()&amp;#27;[0m
  &amp;#27;[31mThen &amp;#27;[0m&amp;#27;[31mthe result should be &amp;#27;[0m&amp;#27;[31m&amp;#27;[1m3&amp;#27;[0m&amp;#27;[31m on the screen&amp;#27;[0m  &amp;#27;[90m# calculator.StepDefinitions.the_result_should_be_on_the_screen(java.lang.Integer)&amp;#27;[0m
      &amp;#27;[31mjava.lang.AssertionError: expected: java.lang.String&lt;3&gt; but was: java.lang.Integer&lt;3&gt;
	at org.junit.Assert.fail(Assert.java:89)
	at org.junit.Assert.failNotEquals(Assert.java:835)
	at org.junit.Assert.assertEquals(Assert.java:120)
	at org.junit.Assert.assertEquals(Assert.java:146)
	at calculator.StepDefinitions.the_result_should_be_on_the_screen(StepDefinitions.java:36)
	at âœ½.the result should be 3 on the screen(classpath:calculator/addition.feature:9)
&amp;#27;[0m
</system-out>
  </testcase>
  <testcase classname="As a user, I can multiply two numbers" name="simple integer multiplication" time="0.015">
    <failure message="expected: java.lang.String&lt;3&gt; but was: java.lang.Integer&lt;3&gt;" type="java.lang.AssertionError">java.lang.AssertionError: expected: java.lang.String&lt;3&gt; but was: java.lang.Integer&lt;3&gt;
	at org.junit.Assert.fail(Assert.java:89)
	at org.junit.Assert.failNotEquals(Assert.java:835)
	at org.junit.Assert.assertEquals(Assert.java:120)
	at org.junit.Assert.assertEquals(Assert.java:146)
	at calculator.StepDefinitions.the_result_should_be_on_the_screen(StepDefinitions.java:36)
	at ✽.the result should be 0 on the screen(classpath:calculator/multiplication.feature:9)
</failure>
    <system-out>
@REQ_CALC-641
Scenario: simple integer multiplication      &amp;#27;[90m# calculator/multiplication.feature:5&amp;#27;[0m
  &amp;#27;[32mGiven &amp;#27;[0m&amp;#27;[32mI have entered &amp;#27;[0m&amp;#27;[32m&amp;#27;[1m3&amp;#27;[0m&amp;#27;[32m into the calculator&amp;#27;[0m &amp;#27;[90m# calculator.StepDefinitions.i_have_entered_into_the_calculator(java.lang.Integer)&amp;#27;[0m
  &amp;#27;[32mAnd &amp;#27;[0m&amp;#27;[32mI have entered &amp;#27;[0m&amp;#27;[32m&amp;#27;[1m0&amp;#27;[0m&amp;#27;[32m into the calculator&amp;#27;[0m   &amp;#27;[90m# calculator.StepDefinitions.i_have_entered_into_the_calculator(java.lang.Integer)&amp;#27;[0m
  &amp;#27;[32mWhen &amp;#27;[0m&amp;#27;[32mI press multiply&amp;#27;[0m                      &amp;#27;[90m# calculator.StepDefinitions.i_press_multiply()&amp;#27;[0m
  &amp;#27;[31mThen &amp;#27;[0m&amp;#27;[31mthe result should be &amp;#27;[0m&amp;#27;[31m&amp;#27;[1m0&amp;#27;[0m&amp;#27;[31m on the screen&amp;#27;[0m  &amp;#27;[90m# calculator.StepDefinitions.the_result_should_be_on_the_screen(java.lang.Integer)&amp;#27;[0m
      &amp;#27;[31mjava.lang.AssertionError: expected: java.lang.String&lt;3&gt; but was: java.lang.Integer&lt;3&gt;
	at org.junit.Assert.fail(Assert.java:89)
	at org.junit.Assert.failNotEquals(Assert.java:835)
	at org.junit.Assert.assertEquals(Assert.java:120)
	at org.junit.Assert.assertEquals(Assert.java:146)
	at calculator.StepDefinitions.the_result_should_be_on_the_screen(StepDefinitions.java:36)
	at âœ½.the result should be 0 on the screen(classpath:calculator/multiplication.feature:9)
&amp;#27;[0m
</system-out>
  </testcase>
</testsuite>